<?xml version="1.0" encoding="UTF-8" standalone="yes"?><!DOCTYPE report PUBLIC "-//JACOCO//DTD Report 1.1//EN" "report.dtd"><report name="Code.Hub Common"><sessioninfo id="LAPTOP-1B0868GL-80f35081" start="1559455768879" dump="1559455769273"/><sessioninfo id="LAPTOP-1B0868GL-96c41609" start="1559455880716" dump="1559455881245"/><sessioninfo id="LAPTOP-1B0868GL-df58eec2" start="1559455911672" dump="1559455912500"/><sessioninfo id="LAPTOP-1B0868GL-911b3c3" start="1559456003798" dump="1559456004433"/><sessioninfo id="LAPTOP-1B0868GL-e8028ac0" start="1559456533229" dump="1559456533761"/></report>